\BOOKMARK [1][-]{section.1}{\376\377\000G\000i\036\333\000i\000\040\000t\000h\000i\036\307\000u}{}% 1
\BOOKMARK [1][-]{section.2}{\376\377\000X\036\355\000\040\000l\000\375\000\040\036\243\000n\000h\000\040\000c\001\241\000\040\000b\036\243\000n\000\040\000v\000\340\000\040\000n\000g\000\364\000n\000\040\000n\000g\036\357\000\040\000l\036\255\000p\000\040\000t\000r\000\354\000n\000h\000\040\000P\000y\000t\000h\000o\000n}{}% 2
\BOOKMARK [2][-]{subsection.2.1}{\376\377\000P\000I\000L\000\040\000-\000\040\000T\000h\001\260\000\040\000v\000i\036\307\000n\000\040\000h\000\354\000n\000h\000\040\036\243\000n\000h\000\040\000P\000y\000t\000h\000o\000n}{section.2}% 3
\BOOKMARK [3][-]{subsubsection.2.1.1}{\376\377\000C\000h\000u\000y\036\303\000n\000\040\001\021\036\325\000i\000\040\000h\000\354\000n\000h\000\040\036\243\000n\000h\000\040\000s\000a\000n\000g\000\040\001\021\036\313\000n\000h\000\040\000d\036\241\000n\000g\000\040\000k\000h\000\341\000c}{subsection.2.1}% 4
\BOOKMARK [3][-]{subsubsection.2.1.2}{\376\377\000T\036\241\000o\000\040\000h\000\354\000n\000h\000\040\000t\000h\000u\000\040\000n\000h\036\317}{subsection.2.1}% 5
\BOOKMARK [3][-]{subsubsection.2.1.3}{\376\377\000S\000a\000o\000\040\000c\000h\000\351\000p\000\040\000v\000\340\000\040\000d\000\341\000n\000\040\000c\000\341\000c\000\040\000v\000\371\000n\000g}{subsection.2.1}% 6
\BOOKMARK [3][-]{subsubsection.2.1.4}{\376\377\000T\000h\000a\000y\000\040\001\021\036\325\000i\000\040\000k\000\355\000c\000h\000\040\000t\000h\001\260\036\333\000c\000\040\000v\000\340\000\040\000x\000o\000a\000y}{subsection.2.1}% 7
\BOOKMARK [2][-]{subsection.2.2}{\376\377\000M\000a\000t\000p\000l\000o\000t\000l\000i\000b}{section.2}% 8
\BOOKMARK [3][-]{subsubsection.2.2.1}{\376\377\000V\036\275\000\040\000h\000\354\000n\000h\000\040\036\243\000n\000h\000,\000\040\001\021\000i\036\303\000m\000\040\000v\000\340\000\040\001\021\001\260\036\335\000n\000g}{subsection.2.2}% 9
\BOOKMARK [3][-]{subsubsection.2.2.2}{\376\377\001\020\001\260\036\335\000n\000g\000\040\000b\000i\000\352\000n\000\040\036\243\000n\000h\000\040\000v\000\340\000\040\000l\001\260\036\343\000c\000\040\001\021\036\323}{subsection.2.2}% 10
\BOOKMARK [2][-]{subsection.2.3}{\376\377\000N\000u\000m\000P\000y}{section.2}% 11
\BOOKMARK [3][-]{subsubsection.2.3.1}{\376\377\000T\000h\036\303\000\040\000h\000i\036\307\000n\000\040\000h\000\354\000n\000h\000\040\036\243\000n\000h\000\040\000d\001\260\036\333\000i\000\040\000d\036\241\000n\000g\000\040\000m\036\243\000n\000g}{subsection.2.3}% 12
\BOOKMARK [3][-]{subsubsection.2.3.2}{\376\377\000B\000i\036\277\000n\000\040\001\021\036\325\000i\000\040\000c\036\245\000p\000\040\001\021\036\331\000\040\000x\000\341\000m}{subsection.2.3}% 13
\BOOKMARK [3][-]{subsubsection.2.3.3}{\376\377\000P\000h\000\351\000p\000\040\000t\000\355\000n\000h\000\040\000t\000r\000u\000n\000g\000\040\000b\000\354\000n\000h\000\040\000p\000i\000x\000e\000l\000\040\036\243\000n\000h}{subsection.2.3}% 14
\BOOKMARK [3][-]{subsubsection.2.3.4}{\376\377\000P\000h\000\342\000n\000\040\000t\000\355\000c\000h\000\040\000t\000h\000\340\000n\000h\000\040\000p\000h\036\247\000n\000\040\000c\000h\000\355\000n\000h\000\040\000\050\000P\000C\000A\000\051\000\040\000c\036\347\000a\000\040\000h\000\354\000n\000h\000\040\036\243\000n\000h}{subsection.2.3}% 15
\BOOKMARK [2][-]{subsection.2.4}{\376\377\000S\000c\000i\000P\000y}{section.2}% 16
\BOOKMARK [3][-]{subsubsection.2.4.1}{\376\377\000L\000\340\000m\000\040\000m\036\335\000\040\036\243\000n\000h}{subsection.2.4}% 17
\BOOKMARK [3][-]{subsubsection.2.4.2}{\376\377\000T\000\355\000n\000h\000\040\001\021\036\241\000o\000\040\000h\000\340\000m\000\040\000c\036\347\000a\000\040\036\243\000n\000h\000\040\000\050\000I\000m\000a\000g\000e\000\040\000d\000e\000r\000i\000v\000a\000t\000i\000v\000e\000s\000\051}{subsection.2.4}% 18
\BOOKMARK [3][-]{subsubsection.2.4.3}{\376\377\000H\000\354\000n\000h\000\040\000t\000h\000\341\000i\000\040\000h\036\315\000c}{subsection.2.4}% 19
\BOOKMARK [1][-]{section.3}{\376\377\000M\000\364\000\040\000t\036\243\000\040\001\021\036\267\000c\000\040\000t\000r\001\260\000n\000g\000\040\000h\000\354\000n\000h\000\040\036\243\000n\000h}{}% 20
\BOOKMARK [2][-]{subsection.3.1}{\376\377\000X\000\341\000c\000\040\001\021\036\313\000n\000h\000\040\001\021\036\267\000c\000\040\000t\000r\001\260\000n\000g\000\040\000g\000\363\000c\000\040\000H\000a\000r\000r\000i\000s}{section.3}% 21
\BOOKMARK [3][-]{subsubsection.3.1.1}{\376\377\000T\000\354\000m\000\040\001\021\000i\036\303\000m\000\040\000t\001\260\001\241\000n\000g\000\040\036\351\000n\000g\000\040\000g\000i\036\357\000a\000\040\000c\000\341\000c\000\040\000h\000\354\000n\000h\000\040\036\243\000n\000h}{subsection.3.1}% 22
\BOOKMARK [2][-]{subsection.3.2}{\376\377\001\020\036\267\000c\000\040\000t\000r\001\260\000n\000g\000\040\000b\036\245\000t\000\040\000b\000i\036\277\000n\000\040\000v\036\333\000i\000\040\000s\036\361\000\040\000t\000h\000a\000y\000\040\001\021\036\325\000i\000\040\000t\036\367\000\040\000l\036\307\000\040\036\243\000n\000h\000\040\000\050\000S\000I\000F\000T\000\051}{section.3}% 23
\BOOKMARK [3][-]{subsubsection.3.2.1}{\376\377\000P\000h\000\341\000t\000\040\000h\000i\036\307\000n\000\040\001\021\000i\036\303\000m\000\040\000c\036\361\000c\000\040\000t\000r\036\313\000\040\000t\000r\000o\000n\000g\000\040\000k\000h\000\364\000n\000g\000\040\000g\000i\000a\000n\000\040\000t\036\367\000\040\000l\036\307}{subsection.3.2}% 24
\BOOKMARK [3][-]{subsubsection.3.2.2}{\376\377\001\020\036\313\000n\000h\000\040\000v\036\313\000\040\000c\000h\000\355\000n\000h\000\040\000x\000\341\000c\000\040\001\021\000i\036\303\000m\000\040\000m\036\253\000u\000\040\000c\000h\036\321\000t}{subsection.3.2}% 25
\BOOKMARK [3][-]{subsubsection.3.2.3}{\376\377\000M\000\364\000\040\000t\036\243\000\040\001\021\000i\036\303\000m\000\040\001\021\036\267\000c\000\040\000t\000r\001\260\000n\000g}{subsection.3.2}% 26
\BOOKMARK [3][-]{subsubsection.3.2.4}{\376\377\000L\036\255\000p\000\040\000t\000r\000\354\000n\000h\000\040\000x\000\341\000c\000\040\001\021\036\313\000n\000h\000\040\001\021\036\267\000c\000\040\000t\000r\001\260\000n\000g\000\040\000S\000I\000F\000T\000\040\000t\000r\000o\000n\000g\000\040\036\243\000n\000h}{subsection.3.2}% 27
\BOOKMARK [3][-]{subsubsection.3.2.5}{\376\377\001\020\036\321\000i\000\040\000s\000\341\000n\000h\000\040\000c\000\341\000c\000\040\000m\000\364\000\040\000t\036\243\000\040\000c\036\347\000a\000\040\001\021\000i\036\303\000m\000\040\001\021\036\267\000c\000\040\000t\000r\001\260\000n\000g}{subsection.3.2}% 28
\BOOKMARK [1][-]{section.4}{\376\377\000T\000\340\000i\000\040\000l\000i\036\307\000u\000\040\000t\000h\000a\000m\000\040\000k\000h\036\243\000o}{}% 29
\BOOKMARK [1][-]{section*.1}{\376\377\000T\000\340\000i\000\040\000l\000i\003\043\000u}{}% 30
